<?xml version="1.0" encoding="UTF-8"?>
<robot generator="Robot 5.0.1 (Python 3.10.6 on win32)" generated="20220911 13:34:01.303" rpa="false" schemaversion="3">
<suite id="s1" name="Pavel Robotframework" source="C:\Users\pavel\OneDrive\Documents\GitHub\pavel_robotframework">
<suite id="s1-s1" name="Test Cases" source="C:\Users\pavel\OneDrive\Documents\GitHub\pavel_robotframework\test_cases.robot">
<test id="s1-s1-t1" name="Changing the language" line="54">
<kw name="Run Keywords" library="BuiltIn" type="SETUP">
<arg>Open login page</arg>
<arg>Log in to system</arg>
<arg>Click On The Add Player Button</arg>
<doc>Executes all the given keywords in a sequence.</doc>
<kw name="Open login page">
<kw name="Open Browser" library="SeleniumLibrary">
<arg>${LOGIN URL}</arg>
<arg>${BROWSER}</arg>
<doc>Opens a new browser instance to the optional ``url``.</doc>
<msg timestamp="20220911 13:34:05.728" level="INFO">Opening browser 'Chrome' to base url 'https://scouts-test.futbolkolektyw.pl/en'.</msg>
<status status="PASS" starttime="20220911 13:34:05.727" endtime="20220911 13:35:10.579"/>
</kw>
<kw name="Title Should Be" library="SeleniumLibrary">
<arg>Scouts panel - sign in</arg>
<doc>Verifies that the current page title equals ``title``.</doc>
<msg timestamp="20220911 13:35:10.587" level="INFO">Page title is 'Scouts panel - sign in'.</msg>
<status status="PASS" starttime="20220911 13:35:10.580" endtime="20220911 13:35:10.588"/>
</kw>
<status status="PASS" starttime="20220911 13:34:05.726" endtime="20220911 13:35:10.588"/>
</kw>
<kw name="Log in to system">
<kw name="Input Text" library="SeleniumLibrary">
<arg>${EMAILINPUT}</arg>
<arg>user10@getnada.com</arg>
<doc>Types the given ``text`` into the text field identified by ``locator``.</doc>
<msg timestamp="20220911 13:35:10.590" level="INFO">Typing text 'user10@getnada.com' into text field 'xpath=//*[@id='login']'.</msg>
<status status="PASS" starttime="20220911 13:35:10.589" endtime="20220911 13:35:12.436"/>
</kw>
<kw name="Input Text" library="SeleniumLibrary">
<arg>${PASSWORDINPUT}</arg>
<arg>Test-1234</arg>
<doc>Types the given ``text`` into the text field identified by ``locator``.</doc>
<msg timestamp="20220911 13:35:12.437" level="INFO">Typing text 'Test-1234' into text field 'xpath=//*[@id='password']'.</msg>
<status status="PASS" starttime="20220911 13:35:12.436" endtime="20220911 13:35:12.729"/>
</kw>
<kw name="Click Element" library="SeleniumLibrary">
<arg>${SIGNINBUTTON}</arg>
<doc>Click the element identified by ``locator``.</doc>
<msg timestamp="20220911 13:35:12.730" level="INFO">Clicking element 'xpath=//*[text()= 'Sign in']'.</msg>
<status status="PASS" starttime="20220911 13:35:12.729" endtime="20220911 13:35:13.771"/>
</kw>
<kw name="Wait Until Element Is Visible" library="SeleniumLibrary">
<arg>${PAGELOGO}</arg>
<doc>Waits until the element ``locator`` is visible.</doc>
<status status="PASS" starttime="20220911 13:35:13.771" endtime="20220911 13:35:15.792"/>
</kw>
<kw name="Title Should Be" library="SeleniumLibrary">
<arg>Scouts panel</arg>
<doc>Verifies that the current page title equals ``title``.</doc>
<msg timestamp="20220911 13:35:15.802" level="INFO">Page title is 'Scouts panel'.</msg>
<status status="PASS" starttime="20220911 13:35:15.792" endtime="20220911 13:35:15.802"/>
</kw>
<status status="PASS" starttime="20220911 13:35:10.588" endtime="20220911 13:35:15.803"/>
</kw>
<kw name="Click on the add player button">
<kw name="Click Element" library="SeleniumLibrary">
<arg>${ADDPLAYERBUTTON}</arg>
<doc>Click the element identified by ``locator``.</doc>
<msg timestamp="20220911 13:35:15.806" level="INFO">Clicking element 'xpath=//*[@id="__next"]/div[1]/main/div[3]/div[2]/div/div/a'.</msg>
<status status="PASS" starttime="20220911 13:35:15.805" endtime="20220911 13:35:15.896"/>
</kw>
<status status="PASS" starttime="20220911 13:35:15.803" endtime="20220911 13:35:15.897"/>
</kw>
<status status="PASS" starttime="20220911 13:34:05.726" endtime="20220911 13:35:15.897"/>
</kw>
<kw name="Click on the language button">
<kw name="Click Element" library="SeleniumLibrary">
<arg>${LANGUAGEBUTTON}</arg>
<doc>Click the element identified by ``locator``.</doc>
<msg timestamp="20220911 13:35:15.899" level="INFO">Clicking element 'xpath=//*[@id='__next']/div[1]/div/div/div/ul[2]/div[1]'.</msg>
<status status="PASS" starttime="20220911 13:35:15.898" endtime="20220911 13:35:17.151"/>
</kw>
<status status="PASS" starttime="20220911 13:35:15.898" endtime="20220911 13:35:17.152"/>
</kw>
<kw name="Assert test case 4">
<kw name="Sleep" library="BuiltIn">
<arg>5s</arg>
<doc>Pauses the test executed for the given time.</doc>
<msg timestamp="20220911 13:35:22.190" level="INFO">Slept 5 seconds</msg>
<status status="PASS" starttime="20220911 13:35:17.153" endtime="20220911 13:35:22.191"/>
</kw>
<kw name="Capture Page Screenshot" library="SeleniumLibrary">
<arg>testcase4.png</arg>
<doc>Takes a screenshot of the current page and embeds it into a log file.</doc>
<msg timestamp="20220911 13:35:24.337" level="INFO" html="true">&lt;/td&gt;&lt;/tr&gt;&lt;tr&gt;&lt;td colspan="3"&gt;&lt;a href="testcase4.png"&gt;&lt;img src="testcase4.png" width="800px"&gt;&lt;/a&gt;</msg>
<status status="PASS" starttime="20220911 13:35:22.191" endtime="20220911 13:35:24.338"/>
</kw>
<status status="PASS" starttime="20220911 13:35:17.152" endtime="20220911 13:35:24.338"/>
</kw>
<kw name="Close Browser" library="SeleniumLibrary" type="TEARDOWN">
<doc>Closes the current browser.</doc>
<status status="PASS" starttime="20220911 13:35:24.339" endtime="20220911 13:35:35.126"/>
</kw>
<tag>Positive</tag>
<status status="PASS" starttime="20220911 13:34:05.725" endtime="20220911 13:35:35.126"/>
</test>
<doc>Suite description #automated tests for scout website</doc>
<status status="PASS" starttime="20220911 13:34:01.348" endtime="20220911 13:35:35.128"/>
</suite>
<status status="PASS" starttime="20220911 13:34:01.307" endtime="20220911 13:35:35.132"/>
</suite>
<statistics>
<total>
<stat pass="1" fail="0" skip="0">All Tests</stat>
</total>
<tag>
<stat pass="1" fail="0" skip="0">Positive</stat>
</tag>
<suite>
<stat pass="1" fail="0" skip="0" id="s1" name="Pavel Robotframework">Pavel Robotframework</stat>
<stat pass="1" fail="0" skip="0" id="s1-s1" name="Test Cases">Pavel Robotframework.Test Cases</stat>
</suite>
</statistics>
<errors>
</errors>
</robot>
