<?xml version="1.0" encoding="UTF-8"?>
<robot generator="Robot 5.0.1 (Python 3.10.6 on win32)" generated="20220905 21:48:07.161" rpa="false" schemaversion="3">
<suite id="s1" name="pythonProject" source="C:\Users\pavel\PycharmProjects\pythonProject">
<suite id="s1-s1" name="Test Cases" source="C:\Users\pavel\PycharmProjects\pythonProject\test_cases.robot">
<test id="s1-s1-t1" name="Logging out of the system" line="70">
<kw name="Open login page">
<kw name="Open Browser" library="SeleniumLibrary">
<arg>${LOGIN URL}</arg>
<arg>${BROWSER}</arg>
<doc>Opens a new browser instance to the optional ``url``.</doc>
<msg timestamp="20220905 21:48:07.676" level="INFO">Opening browser 'Chrome' to base url 'https://scouts-test.futbolkolektyw.pl/en'.</msg>
<status status="PASS" starttime="20220905 21:48:07.675" endtime="20220905 21:48:27.510"/>
</kw>
<kw name="Title Should Be" library="SeleniumLibrary">
<arg>Scouts panel - sign in</arg>
<doc>Verifies that the current page title equals ``title``.</doc>
<msg timestamp="20220905 21:48:28.445" level="INFO">Page title is 'Scouts panel - sign in'.</msg>
<status status="PASS" starttime="20220905 21:48:27.510" endtime="20220905 21:48:28.445"/>
</kw>
<status status="PASS" starttime="20220905 21:48:07.674" endtime="20220905 21:48:28.446"/>
</kw>
<kw name="Type in email">
<kw name="Input Text" library="SeleniumLibrary">
<arg>${EMAILINPUT}</arg>
<arg>user10@getnada.com</arg>
<doc>Types the given ``text`` into the text field identified by ``locator``.</doc>
<msg timestamp="20220905 21:48:28.448" level="INFO">Typing text 'user10@getnada.com' into text field 'xpath=//*[@id='login']'.</msg>
<status status="PASS" starttime="20220905 21:48:28.447" endtime="20220905 21:48:29.881"/>
</kw>
<status status="PASS" starttime="20220905 21:48:28.446" endtime="20220905 21:48:29.881"/>
</kw>
<kw name="Type in password">
<kw name="Input Text" library="SeleniumLibrary">
<arg>${PASSWORDINPUT}</arg>
<arg>Test-1234</arg>
<doc>Types the given ``text`` into the text field identified by ``locator``.</doc>
<msg timestamp="20220905 21:48:29.882" level="INFO">Typing text 'Test-1234' into text field 'xpath=//*[@id='password']'.</msg>
<status status="PASS" starttime="20220905 21:48:29.882" endtime="20220905 21:48:30.075"/>
</kw>
<status status="PASS" starttime="20220905 21:48:29.882" endtime="20220905 21:48:30.076"/>
</kw>
<kw name="Click on the signin button">
<kw name="Click Element" library="SeleniumLibrary">
<arg>${SIGNINBUTTON}</arg>
<doc>Click the element identified by ``locator``.</doc>
<msg timestamp="20220905 21:48:30.079" level="INFO">Clicking element 'xpath=//*[text()= 'Sign in']'.</msg>
<status status="PASS" starttime="20220905 21:48:30.078" endtime="20220905 21:48:30.370"/>
</kw>
<status status="PASS" starttime="20220905 21:48:30.076" endtime="20220905 21:48:30.370"/>
</kw>
<kw name="Click on the signout button">
<kw name="Click Element" library="SeleniumLibrary">
<arg>${SIGNOUTBUTTON}</arg>
<doc>Click the element identified by ``locator``.</doc>
<msg timestamp="20220905 21:48:30.373" level="INFO">Clicking element 'xpath=//*[text()= 'Sign out']'.</msg>
<msg timestamp="20220905 21:48:30.832" level="INFO" html="true">&lt;/td&gt;&lt;/tr&gt;&lt;tr&gt;&lt;td colspan="3"&gt;&lt;a href="selenium-screenshot-6.png"&gt;&lt;img src="selenium-screenshot-6.png" width="800px"&gt;&lt;/a&gt;</msg>
<msg timestamp="20220905 21:48:30.833" level="FAIL">Element with locator 'xpath=//*[text()= 'Sign out']' not found.</msg>
<status status="FAIL" starttime="20220905 21:48:30.372" endtime="20220905 21:48:30.912"/>
</kw>
<status status="FAIL" starttime="20220905 21:48:30.371" endtime="20220905 21:48:30.913"/>
</kw>
<kw name="Close Browser" library="SeleniumLibrary" type="TEARDOWN">
<doc>Closes the current browser.</doc>
<status status="PASS" starttime="20220905 21:48:30.914" endtime="20220905 21:48:33.643"/>
</kw>
<status status="FAIL" starttime="20220905 21:48:07.673" endtime="20220905 21:48:33.643">Element with locator 'xpath=//*[text()= 'Sign out']' not found.</status>
</test>
<doc>Suite description #automated tests for scout website</doc>
<status status="FAIL" starttime="20220905 21:48:07.209" endtime="20220905 21:48:33.647"/>
</suite>
<status status="FAIL" starttime="20220905 21:48:07.166" endtime="20220905 21:48:33.653"/>
</suite>
<statistics>
<total>
<stat pass="0" fail="1" skip="0">All Tests</stat>
</total>
<tag>
</tag>
<suite>
<stat pass="0" fail="1" skip="0" id="s1" name="pythonProject">pythonProject</stat>
<stat pass="0" fail="1" skip="0" id="s1-s1" name="Test Cases">pythonProject.Test Cases</stat>
</suite>
</statistics>
<errors>
</errors>
</robot>
